[INFO] Server started at 2025-04-06 10:00:00
[INFO] Connected to database
[WARN] High memory usage detected
[ERROR] Failed to connect to Redis
[INFO] Health check dpassed
[ERROR] Unhandled promise rejection
[WARN] Slow API response from /users
[WARN] Manual warning added
[ERROR] Manually triggered error
[INFO] Shutdown initiated
[INFO] Shutdown initiated
[WARN] Slow API response from /users
[ERROR] login failed for user 'admin'
[INFO] User tried: SELECT * FROM users WHERE ...
[ERROR] Test 1
[ERROR] Test 2
[ERROR] Test 3
[ERROR] Test 4
[ERROR] Test 5
[ERROR] Test 6
[ERROR] Test 7
[ERROR] Test 8
[ERROR] Test 9
[ERROR] Test 10
[ERROR] Simulated error #1
[ERROR] Simulated error #2
[ERROR] Simulated error #3
[ERROR] Simulated error #4
[ERROR] Simulated error #5
[ERROR] Simulated error #6
[ERROR] Simulated error #7
[ERROR] Simulated error #8
[ERROR] Simulated error #9
[ERROR] Simulated error #10
